2017-01-18 17:35:36 - MOD: Modification Default
FILE: system/engine/action.php
REGEX: ~(require|include)(_once)?\(([^)]+)~
LINE: 34
FILE: system/engine/loader.php
REGEX: ~(require|include)(_once)?\(([^)]+)~
LINE: 41
LINE: 92
LINE: 104
LINE: 142
FILE: system/library/config.php
REGEX: ~(require|include)(_once)?\(([^)]+)~
LINE: 23
FILE: system/library/language.php
REGEX: ~(require|include)(_once)?\(([^)]+)~
LINE: 35
LINE: 41
LINE: 47
FILE: system/library/template/basic.php
REGEX: ~(require|include)(_once)?\(([^)]+)~
LINE: 18
----------------------------------------------------------------
MOD: BurnEngine
FILE: admin/view/template/common/menu.tpl
CODE: <li id="dashboard"><a href="<?php echo $home; ?>"><i class="fa fa-dashboard fa-fw"></i> <span><?php echo $text_dashboard; ?></span></a></li>
LINE: 23
FILE: catalog/model/catalog/product.php
CODE: public function getProducts($data = array()) {
LINE: 63
FILE: catalog/controller/module/latest.php
CODE: $filter_data = array(
LINE: 22
FILE: system/engine/event.php
CODE: $this->registry = $registry;
LINE: 14
FILE: system/library/response.php
CODE: if ($this->output) {
LINE: 63
CODE: public function redirect($url, $status = 302) {
LINE: 15
FILE: system/library/request.php
CODE: public function __construct() {
LINE: 22
CODE: return $this->load->view('module/latest', $data);
LINE: 83
----------------------------------------------------------------
2017-01-18 17:37:35 - MOD: Modification Default
FILE: system/engine/action.php
REGEX: ~(require|include)(_once)?\(([^)]+)~
LINE: 34
FILE: system/engine/loader.php
REGEX: ~(require|include)(_once)?\(([^)]+)~
LINE: 41
LINE: 92
LINE: 104
LINE: 142
FILE: system/library/config.php
REGEX: ~(require|include)(_once)?\(([^)]+)~
LINE: 23
FILE: system/library/language.php
REGEX: ~(require|include)(_once)?\(([^)]+)~
LINE: 35
LINE: 41
LINE: 47
FILE: system/library/template/basic.php
REGEX: ~(require|include)(_once)?\(([^)]+)~
LINE: 18
----------------------------------------------------------------
MOD: BurnEngine
FILE: admin/view/template/common/menu.tpl
CODE: <li id="dashboard"><a href="<?php echo $home; ?>"><i class="fa fa-dashboard fa-fw"></i> <span><?php echo $text_dashboard; ?></span></a></li>
LINE: 23
FILE: catalog/model/catalog/product.php
CODE: public function getProducts($data = array()) {
LINE: 63
FILE: catalog/controller/module/latest.php
CODE: $filter_data = array(
LINE: 22
FILE: system/engine/event.php
CODE: $this->registry = $registry;
LINE: 14
FILE: system/library/response.php
CODE: if ($this->output) {
LINE: 63
CODE: public function redirect($url, $status = 302) {
LINE: 15
FILE: system/library/request.php
CODE: public function __construct() {
LINE: 22
CODE: return $this->load->view('module/latest', $data);
LINE: 83
----------------------------------------------------------------
MOD: Stories (Blog and News)
----------------------------------------------------------------
2017-01-18 17:43:30 - MOD: Modification Default
FILE: system/engine/action.php
REGEX: ~(require|include)(_once)?\(([^)]+)~
LINE: 34
FILE: system/engine/loader.php
REGEX: ~(require|include)(_once)?\(([^)]+)~
LINE: 41
LINE: 92
LINE: 104
LINE: 142
FILE: system/library/config.php
REGEX: ~(require|include)(_once)?\(([^)]+)~
LINE: 23
FILE: system/library/language.php
REGEX: ~(require|include)(_once)?\(([^)]+)~
LINE: 35
LINE: 41
LINE: 47
FILE: system/library/template/basic.php
REGEX: ~(require|include)(_once)?\(([^)]+)~
LINE: 18
----------------------------------------------------------------
MOD: BurnEngine
FILE: admin/view/template/common/menu.tpl
CODE: <li id="dashboard"><a href="<?php echo $home; ?>"><i class="fa fa-dashboard fa-fw"></i> <span><?php echo $text_dashboard; ?></span></a></li>
LINE: 23
FILE: catalog/model/catalog/product.php
CODE: public function getProducts($data = array()) {
LINE: 63
FILE: catalog/controller/module/latest.php
CODE: $filter_data = array(
LINE: 22
FILE: system/engine/event.php
CODE: $this->registry = $registry;
LINE: 14
FILE: system/library/response.php
CODE: if ($this->output) {
LINE: 63
CODE: public function redirect($url, $status = 302) {
LINE: 15
FILE: system/library/request.php
CODE: public function __construct() {
LINE: 22
CODE: return $this->load->view('module/latest', $data);
LINE: 83
----------------------------------------------------------------
MOD: Stories (Blog and News)
----------------------------------------------------------------
2017-01-18 17:43:35 - MOD: Modification Default
FILE: system/engine/action.php
REGEX: ~(require|include)(_once)?\(([^)]+)~
LINE: 34
FILE: system/engine/loader.php
REGEX: ~(require|include)(_once)?\(([^)]+)~
LINE: 41
LINE: 92
LINE: 104
LINE: 142
FILE: system/library/config.php
REGEX: ~(require|include)(_once)?\(([^)]+)~
LINE: 23
FILE: system/library/language.php
REGEX: ~(require|include)(_once)?\(([^)]+)~
LINE: 35
LINE: 41
LINE: 47
FILE: system/library/template/basic.php
REGEX: ~(require|include)(_once)?\(([^)]+)~
LINE: 18
----------------------------------------------------------------
MOD: BurnEngine
FILE: admin/view/template/common/menu.tpl
CODE: <li id="dashboard"><a href="<?php echo $home; ?>"><i class="fa fa-dashboard fa-fw"></i> <span><?php echo $text_dashboard; ?></span></a></li>
LINE: 23
FILE: catalog/model/catalog/product.php
CODE: public function getProducts($data = array()) {
LINE: 63
FILE: catalog/controller/module/latest.php
CODE: $filter_data = array(
LINE: 22
FILE: system/engine/event.php
CODE: $this->registry = $registry;
LINE: 14
FILE: system/library/response.php
CODE: if ($this->output) {
LINE: 63
CODE: public function redirect($url, $status = 302) {
LINE: 15
FILE: system/library/request.php
CODE: public function __construct() {
LINE: 22
CODE: return $this->load->view('module/latest', $data);
LINE: 83
----------------------------------------------------------------
MOD: BurnEngine SEO extension
FILE: catalog/controller/startup/seo_url.php
CODE: class ControllerStartupSeoUrl extends Controller {
LINE: 9
CODE: public function index() {
LINE: 20
CODE: public function index() {
LINE: 25
CODE: parse_str($url_info['query'], $data);
LINE: 104
CODE: return $url
LINE: 154
CODE: $query = $this->db->query("SELECT * FROM " . DB_PREFIX . "url_alias WHERE keyword = '" . $this->db->escape($part) . "'");
LINE: 41
CODE: $query = $this->db->query("SELECT * FROM " . DB_PREFIX . "url_alias WHERE `query` = '" . $this->db->escape($key . '=' . (int)$value) . "'");
LINE: 129
CODE: $query = $this->db->query("SELECT * FROM " . DB_PREFIX . "url_alias WHERE `query` = 'category_id=" . (int)$category . "'");
LINE: 140
CODE: foreach ($parts as $part) {
LINE: 43
CODE: if (isset($this->request->get['route'])) {
LINE: 105
CODE: if ($url)
LINE: 185
FILE: admin/view/template/catalog/product_form.tpl
CODE: <input type="text" name="keyword" value="<?php echo $keyword; ?>" placeholder="<?php echo $entry_keyword; ?>" id="input-keyword" class="form-control" />
LINE: 235
FILE: admin/view/template/catalog/category_form.tpl
CODE: <input type="text" name="keyword" value="<?php echo $keyword; ?>" placeholder="<?php echo $entry_keyword; ?>" id="input-keyword" class="form-control" />
LINE: 137
FILE: admin/view/template/catalog/manufacturer_form.tpl
CODE: <input type="text" name="keyword" value="<?php echo $keyword; ?>" placeholder="<?php echo $entry_keyword; ?>" id="input-keyword" class="form-control" />
LINE: 70
FILE: admin/view/template/catalog/information_form.tpl
CODE: <input type="text" name="keyword" value="<?php echo $keyword; ?>" placeholder="<?php echo $entry_keyword; ?>" id="input-keyword" class="form-control" />
LINE: 120
FILE: admin/model/catalog/product.php
CODE: if ($data['keyword']) {
LINE: 285
FILE: admin/model/catalog/category.php
CODE: if ($data['keyword']) {
LINE: 166
FILE: admin/model/catalog/manufacturer.php
CODE: if ($data['keyword']) {
LINE: 63
FILE: admin/model/catalog/information.php
CODE: if ($data['keyword']) {
LINE: 79
CODE: 'meta_keyword'     => $result['meta_keyword'],
LINE: 445
CODE: 'meta_keyword'     => $result['meta_keyword'],
LINE: 280
FILE: catalog/view/theme/BurnEngine/template/common/language.tpl
CODE: <a href="javascript:;"
LINE: 14
LINE: 26
LINE: 40
CODE: final class Loader {
LINE: 4
----------------------------------------------------------------
MOD: Stories (Blog and News)
----------------------------------------------------------------
2017-01-18 17:43:49 - MOD: Modification Default
FILE: system/engine/action.php
REGEX: ~(require|include)(_once)?\(([^)]+)~
LINE: 34
FILE: system/engine/loader.php
REGEX: ~(require|include)(_once)?\(([^)]+)~
LINE: 41
LINE: 92
LINE: 104
LINE: 142
FILE: system/library/config.php
REGEX: ~(require|include)(_once)?\(([^)]+)~
LINE: 23
FILE: system/library/language.php
REGEX: ~(require|include)(_once)?\(([^)]+)~
LINE: 35
LINE: 41
LINE: 47
FILE: system/library/template/basic.php
REGEX: ~(require|include)(_once)?\(([^)]+)~
LINE: 18
----------------------------------------------------------------
MOD: BurnEngine
FILE: admin/view/template/common/menu.tpl
CODE: <li id="dashboard"><a href="<?php echo $home; ?>"><i class="fa fa-dashboard fa-fw"></i> <span><?php echo $text_dashboard; ?></span></a></li>
LINE: 23
FILE: catalog/model/catalog/product.php
CODE: public function getProducts($data = array()) {
LINE: 63
FILE: catalog/controller/module/latest.php
CODE: $filter_data = array(
LINE: 22
FILE: system/engine/event.php
CODE: $this->registry = $registry;
LINE: 14
FILE: system/library/response.php
CODE: if ($this->output) {
LINE: 63
CODE: public function redirect($url, $status = 302) {
LINE: 15
FILE: system/library/request.php
CODE: public function __construct() {
LINE: 22
CODE: return $this->load->view('module/latest', $data);
LINE: 83
----------------------------------------------------------------
MOD: BurnEngine Custom Product Fields
FILE: admin/view/template/catalog/product_form.tpl
CODE: <?php echo $entry_meta_title; ?></label>
LINE: 76
CODE: <?php echo $footer; ?>
LINE: 1432
FILE: admin/controller/catalog/product.php
CODE: if (isset($this->request->post['product_description'])) {
LINE: 743
FILE: admin/model/catalog/product.php
CODE: $product_id = $this->db->getLastId();
LINE: 10
CODE: public function editProduct($product_id, $data) {
LINE: 138
CODE: final class Loader {
LINE: 4
----------------------------------------------------------------
MOD: BurnEngine SEO extension
FILE: catalog/controller/startup/seo_url.php
CODE: class ControllerStartupSeoUrl extends Controller {
LINE: 9
CODE: public function index() {
LINE: 20
CODE: public function index() {
LINE: 25
CODE: parse_str($url_info['query'], $data);
LINE: 104
CODE: return $url
LINE: 154
CODE: $query = $this->db->query("SELECT * FROM " . DB_PREFIX . "url_alias WHERE keyword = '" . $this->db->escape($part) . "'");
LINE: 41
CODE: $query = $this->db->query("SELECT * FROM " . DB_PREFIX . "url_alias WHERE `query` = '" . $this->db->escape($key . '=' . (int)$value) . "'");
LINE: 129
CODE: $query = $this->db->query("SELECT * FROM " . DB_PREFIX . "url_alias WHERE `query` = 'category_id=" . (int)$category . "'");
LINE: 140
CODE: foreach ($parts as $part) {
LINE: 43
CODE: if (isset($this->request->get['route'])) {
LINE: 105
CODE: if ($url)
LINE: 185
CODE: <input type="text" name="keyword" value="<?php echo $keyword; ?>" placeholder="<?php echo $entry_keyword; ?>" id="input-keyword" class="form-control" />
LINE: 245
FILE: admin/view/template/catalog/category_form.tpl
CODE: <input type="text" name="keyword" value="<?php echo $keyword; ?>" placeholder="<?php echo $entry_keyword; ?>" id="input-keyword" class="form-control" />
LINE: 137
FILE: admin/view/template/catalog/manufacturer_form.tpl
CODE: <input type="text" name="keyword" value="<?php echo $keyword; ?>" placeholder="<?php echo $entry_keyword; ?>" id="input-keyword" class="form-control" />
LINE: 70
FILE: admin/view/template/catalog/information_form.tpl
CODE: <input type="text" name="keyword" value="<?php echo $keyword; ?>" placeholder="<?php echo $entry_keyword; ?>" id="input-keyword" class="form-control" />
LINE: 120
CODE: if ($data['keyword']) {
LINE: 295
FILE: admin/model/catalog/category.php
CODE: if ($data['keyword']) {
LINE: 166
FILE: admin/model/catalog/manufacturer.php
CODE: if ($data['keyword']) {
LINE: 63
FILE: admin/model/catalog/information.php
CODE: if ($data['keyword']) {
LINE: 79
CODE: 'meta_keyword'     => $result['meta_keyword'],
LINE: 455
CODE: 'meta_keyword'     => $result['meta_keyword'],
LINE: 280
FILE: catalog/view/theme/BurnEngine/template/common/language.tpl
CODE: <a href="javascript:;"
LINE: 14
LINE: 26
LINE: 40
CODE: final class Loader {
LINE: 7
----------------------------------------------------------------
MOD: Stories (Blog and News)
----------------------------------------------------------------
2017-01-18 17:44:07 - MOD: Modification Default
FILE: system/engine/action.php
REGEX: ~(require|include)(_once)?\(([^)]+)~
LINE: 34
FILE: system/engine/loader.php
REGEX: ~(require|include)(_once)?\(([^)]+)~
LINE: 41
LINE: 92
LINE: 104
LINE: 142
FILE: system/library/config.php
REGEX: ~(require|include)(_once)?\(([^)]+)~
LINE: 23
FILE: system/library/language.php
REGEX: ~(require|include)(_once)?\(([^)]+)~
LINE: 35
LINE: 41
LINE: 47
FILE: system/library/template/basic.php
REGEX: ~(require|include)(_once)?\(([^)]+)~
LINE: 18
----------------------------------------------------------------
MOD: BurnEngine
FILE: admin/view/template/common/menu.tpl
CODE: <li id="dashboard"><a href="<?php echo $home; ?>"><i class="fa fa-dashboard fa-fw"></i> <span><?php echo $text_dashboard; ?></span></a></li>
LINE: 23
FILE: catalog/model/catalog/product.php
CODE: public function getProducts($data = array()) {
LINE: 63
FILE: catalog/controller/module/latest.php
CODE: $filter_data = array(
LINE: 22
FILE: system/engine/event.php
CODE: $this->registry = $registry;
LINE: 14
FILE: system/library/response.php
CODE: if ($this->output) {
LINE: 63
CODE: public function redirect($url, $status = 302) {
LINE: 15
FILE: system/library/request.php
CODE: public function __construct() {
LINE: 22
CODE: return $this->load->view('module/latest', $data);
LINE: 83
----------------------------------------------------------------
MOD: BurnEngine Custom Product Fields
FILE: admin/view/template/catalog/product_form.tpl
CODE: <?php echo $entry_meta_title; ?></label>
LINE: 76
CODE: <?php echo $footer; ?>
LINE: 1432
FILE: admin/controller/catalog/product.php
CODE: if (isset($this->request->post['product_description'])) {
LINE: 743
FILE: admin/model/catalog/product.php
CODE: $product_id = $this->db->getLastId();
LINE: 10
CODE: public function editProduct($product_id, $data) {
LINE: 138
CODE: final class Loader {
LINE: 4
----------------------------------------------------------------
MOD: BurnEngine OpenCart Performance+
CODE: final class Loader {
LINE: 20
FILE: system/library/db.php
CODE: public function query($sql
LINE: 72
FILE: system/library/url.php
CODE: private $ssl;
LINE: 7
CODE: foreach ($this->rewrite as $rewrite) {
LINE: 50
CODE: return $url;
LINE: 61
CODE: echo $output;
LINE: 89
----------------------------------------------------------------
MOD: BurnEngine SEO extension
FILE: catalog/controller/startup/seo_url.php
CODE: class ControllerStartupSeoUrl extends Controller {
LINE: 9
CODE: public function index() {
LINE: 20
CODE: public function index() {
LINE: 25
CODE: parse_str($url_info['query'], $data);
LINE: 104
CODE: return $url
LINE: 154
CODE: $query = $this->db->query("SELECT * FROM " . DB_PREFIX . "url_alias WHERE keyword = '" . $this->db->escape($part) . "'");
LINE: 41
CODE: $query = $this->db->query("SELECT * FROM " . DB_PREFIX . "url_alias WHERE `query` = '" . $this->db->escape($key . '=' . (int)$value) . "'");
LINE: 129
CODE: $query = $this->db->query("SELECT * FROM " . DB_PREFIX . "url_alias WHERE `query` = 'category_id=" . (int)$category . "'");
LINE: 140
CODE: foreach ($parts as $part) {
LINE: 43
CODE: if (isset($this->request->get['route'])) {
LINE: 105
CODE: if ($url)
LINE: 185
CODE: <input type="text" name="keyword" value="<?php echo $keyword; ?>" placeholder="<?php echo $entry_keyword; ?>" id="input-keyword" class="form-control" />
LINE: 245
FILE: admin/view/template/catalog/category_form.tpl
CODE: <input type="text" name="keyword" value="<?php echo $keyword; ?>" placeholder="<?php echo $entry_keyword; ?>" id="input-keyword" class="form-control" />
LINE: 137
FILE: admin/view/template/catalog/manufacturer_form.tpl
CODE: <input type="text" name="keyword" value="<?php echo $keyword; ?>" placeholder="<?php echo $entry_keyword; ?>" id="input-keyword" class="form-control" />
LINE: 70
FILE: admin/view/template/catalog/information_form.tpl
CODE: <input type="text" name="keyword" value="<?php echo $keyword; ?>" placeholder="<?php echo $entry_keyword; ?>" id="input-keyword" class="form-control" />
LINE: 120
CODE: if ($data['keyword']) {
LINE: 295
FILE: admin/model/catalog/category.php
CODE: if ($data['keyword']) {
LINE: 166
FILE: admin/model/catalog/manufacturer.php
CODE: if ($data['keyword']) {
LINE: 63
FILE: admin/model/catalog/information.php
CODE: if ($data['keyword']) {
LINE: 79
CODE: 'meta_keyword'     => $result['meta_keyword'],
LINE: 455
CODE: 'meta_keyword'     => $result['meta_keyword'],
LINE: 280
FILE: catalog/view/theme/BurnEngine/template/common/language.tpl
CODE: <a href="javascript:;"
LINE: 14
LINE: 26
LINE: 40
CODE: final class Loader {
LINE: 23
----------------------------------------------------------------
MOD: Stories (Blog and News)
----------------------------------------------------------------
